c:\users\yong3\documents\yong\techy\tic2003\win_startupspasolution\a0227504l\code_a0227504l\release\spa.pdb
c:\users\yong3\documents\yong\techy\tic2003\win_startupspasolution\a0227504l\code_a0227504l\spa\release\tokenizer.obj
c:\users\yong3\documents\yong\techy\tic2003\win_startupspasolution\a0227504l\code_a0227504l\spa\release\database.obj
c:\users\yong3\documents\yong\techy\tic2003\win_startupspasolution\a0227504l\code_a0227504l\spa\release\sourceprocessor.obj
c:\users\yong3\documents\yong\techy\tic2003\win_startupspasolution\a0227504l\code_a0227504l\spa\release\queryprocessor.obj
c:\users\yong3\documents\yong\techy\tic2003\win_startupspasolution\a0227504l\code_a0227504l\spa\release\sqlite3.obj
c:\users\yong3\documents\yong\techy\tic2003\win_startupspasolution\a0227504l\code_a0227504l\spa\release\variableextractor.obj
c:\users\yong3\documents\yong\techy\tic2003\win_startupspasolution\a0227504l\code_a0227504l\spa\release\statementextractor.obj
c:\users\yong3\documents\yong\techy\tic2003\win_startupspasolution\a0227504l\code_a0227504l\spa\release\sourcetokenizer.obj
c:\users\yong3\documents\yong\techy\tic2003\win_startupspasolution\a0227504l\code_a0227504l\spa\release\readextractor.obj
c:\users\yong3\documents\yong\techy\tic2003\win_startupspasolution\a0227504l\code_a0227504l\spa\release\procedureextractor.obj
c:\users\yong3\documents\yong\techy\tic2003\win_startupspasolution\a0227504l\code_a0227504l\spa\release\printextractor.obj
c:\users\yong3\documents\yong\techy\tic2003\win_startupspasolution\a0227504l\code_a0227504l\spa\release\grammarextractor.obj
c:\users\yong3\documents\yong\techy\tic2003\win_startupspasolution\a0227504l\code_a0227504l\spa\release\constantextractor.obj
c:\users\yong3\documents\yong\techy\tic2003\win_startupspasolution\a0227504l\code_a0227504l\spa\release\assignmentextractor.obj
c:\users\yong3\documents\yong\techy\tic2003\win_startupspasolution\a0227504l\code_a0227504l\release\spa.lib
c:\users\yong3\documents\yong\techy\tic2003\win_startupspasolution\a0227504l\code_a0227504l\spa\release\spa.tlog\cl.command.1.tlog
c:\users\yong3\documents\yong\techy\tic2003\win_startupspasolution\a0227504l\code_a0227504l\spa\release\spa.tlog\cl.read.1.tlog
c:\users\yong3\documents\yong\techy\tic2003\win_startupspasolution\a0227504l\code_a0227504l\spa\release\spa.tlog\cl.write.1.tlog
c:\users\yong3\documents\yong\techy\tic2003\win_startupspasolution\a0227504l\code_a0227504l\spa\release\spa.tlog\lib-link.read.1.tlog
c:\users\yong3\documents\yong\techy\tic2003\win_startupspasolution\a0227504l\code_a0227504l\spa\release\spa.tlog\lib-link.write.1.tlog
c:\users\yong3\documents\yong\techy\tic2003\win_startupspasolution\a0227504l\code_a0227504l\spa\release\spa.tlog\lib.command.1.tlog
