  QueryProcessor.cpp
  SourceProcessor.cpp
  Database.cpp
  Tokenizer.cpp
  Running Code Analysis for C/C++...
  Generating Code...
  sqlite3.c
  SPA.vcxproj -> C:\Users\yong3\Documents\Yong\techy\tic2003\WIN_StartupSPASolution\A0227504L\Code_A0227504L\Debug\SPA.lib
C:\Users\yong3\Documents\Yong\techy\tic2003\WIN_StartupSPASolution\A0227504L\Code_A0227504L\source\sqlite3.c(22071): warning C26451: Arithmetic overflow: Using operator '+' on a 4 byte value and then casting the result to a 8 byte value. Cast the value to the wider type before calling operator '+' to avoid overflow (io.2).
C:\Users\yong3\Documents\Yong\techy\tic2003\WIN_StartupSPASolution\A0227504L\Code_A0227504L\source\sqlite3.c(22071): warning C26451: Arithmetic overflow: Using operator '+' on a 4 byte value and then casting the result to a 8 byte value. Cast the value to the wider type before calling operator '+' to avoid overflow (io.2).
C:\Users\yong3\Documents\Yong\techy\tic2003\WIN_StartupSPASolution\A0227504L\Code_A0227504L\source\sqlite3.c(22071): warning C26451: Arithmetic overflow: Using operator '+' on a 4 byte value and then casting the result to a 8 byte value. Cast the value to the wider type before calling operator '+' to avoid overflow (io.2).
C:\Users\yong3\Documents\Yong\techy\tic2003\WIN_StartupSPASolution\A0227504L\Code_A0227504L\source\sqlite3.c(22074): warning C26451: Arithmetic overflow: Using operator '+' on a 4 byte value and then casting the result to a 8 byte value. Cast the value to the wider type before calling operator '+' to avoid overflow (io.2).
C:\Users\yong3\Documents\Yong\techy\tic2003\WIN_StartupSPASolution\A0227504L\Code_A0227504L\source\sqlite3.c(22074): warning C26451: Arithmetic overflow: Using operator '*' on a 4 byte value and then casting the result to a 8 byte value. Cast the value to the wider type before calling operator '*' to avoid overflow (io.2).
C:\Users\yong3\Documents\Yong\techy\tic2003\WIN_StartupSPASolution\A0227504L\Code_A0227504L\source\sqlite3.c(22076): warning C26451: Arithmetic overflow: Using operator '*' on a 4 byte value and then casting the result to a 8 byte value. Cast the value to the wider type before calling operator '*' to avoid overflow (io.2).
C:\Users\yong3\Documents\Yong\techy\tic2003\WIN_StartupSPASolution\A0227504L\Code_A0227504L\source\sqlite3.c(22231): warning C26451: Arithmetic overflow: Using operator '-' on a 4 byte value and then casting the result to a 8 byte value. Cast the value to the wider type before calling operator '-' to avoid overflow (io.2).
C:\Users\yong3\Documents\Yong\techy\tic2003\WIN_StartupSPASolution\A0227504L\Code_A0227504L\source\sqlite3.c(22254): warning C26451: Arithmetic overflow: Using operator '-' on a 4 byte value and then casting the result to a 8 byte value. Cast the value to the wider type before calling operator '-' to avoid overflow (io.2).
C:\Users\yong3\Documents\Yong\techy\tic2003\WIN_StartupSPASolution\A0227504L\Code_A0227504L\source\sqlite3.c(29153): warning C26451: Arithmetic overflow: Using operator '+' on a 4 byte value and then casting the result to a 8 byte value. Cast the value to the wider type before calling operator '+' to avoid overflow (io.2).
C:\Users\yong3\Documents\Yong\techy\tic2003\WIN_StartupSPASolution\A0227504L\Code_A0227504L\source\sqlite3.c(29247): warning C26451: Arithmetic overflow: Using operator '+' on a 4 byte value and then casting the result to a 8 byte value. Cast the value to the wider type before calling operator '+' to avoid overflow (io.2).
C:\Users\yong3\Documents\Yong\techy\tic2003\WIN_StartupSPASolution\A0227504L\Code_A0227504L\source\sqlite3.c(30634): warning C28182: Dereferencing NULL pointer. 'xTask' contains the same NULL value as 'p->xTask' did. 
C:\Users\yong3\Documents\Yong\techy\tic2003\WIN_StartupSPASolution\A0227504L\Code_A0227504L\source\sqlite3.c(31727): warning C26451: Arithmetic overflow: Using operator '-' on a 4 byte value and then casting the result to a 8 byte value. Cast the value to the wider type before calling operator '-' to avoid overflow (io.2).
C:\Users\yong3\Documents\Yong\techy\tic2003\WIN_StartupSPASolution\A0227504L\Code_A0227504L\source\sqlite3.c(31745): warning C26451: Arithmetic overflow: Using operator '-' on a 4 byte value and then casting the result to a 8 byte value. Cast the value to the wider type before calling operator '-' to avoid overflow (io.2).
C:\Users\yong3\Documents\Yong\techy\tic2003\WIN_StartupSPASolution\A0227504L\Code_A0227504L\source\sqlite3.c(31836): warning C26451: Arithmetic overflow: Using operator '*' on a 4 byte value and then casting the result to a 8 byte value. Cast the value to the wider type before calling operator '*' to avoid overflow (io.2).
C:\Users\yong3\Documents\Yong\techy\tic2003\WIN_StartupSPASolution\A0227504L\Code_A0227504L\source\sqlite3.c(32599): warning C26451: Arithmetic overflow: Using operator '+' on a 4 byte value and then casting the result to a 8 byte value. Cast the value to the wider type before calling operator '+' to avoid overflow (io.2).
C:\Users\yong3\Documents\Yong\techy\tic2003\WIN_StartupSPASolution\A0227504L\Code_A0227504L\source\sqlite3.c(33098): warning C26451: Arithmetic overflow: Using operator '*' on a 4 byte value and then casting the result to a 8 byte value. Cast the value to the wider type before calling operator '*' to avoid overflow (io.2).
C:\Users\yong3\Documents\Yong\techy\tic2003\WIN_StartupSPASolution\A0227504L\Code_A0227504L\source\sqlite3.c(43568): warning C26451: Arithmetic overflow: Using operator '*' on a 4 byte value and then casting the result to a 8 byte value. Cast the value to the wider type before calling operator '*' to avoid overflow (io.2).
C:\Users\yong3\Documents\Yong\techy\tic2003\WIN_StartupSPASolution\A0227504L\Code_A0227504L\source\sqlite3.c(43623): warning C26451: Arithmetic overflow: Using operator '*' on a 4 byte value and then casting the result to a 8 byte value. Cast the value to the wider type before calling operator '*' to avoid overflow (io.2).
C:\Users\yong3\Documents\Yong\techy\tic2003\WIN_StartupSPASolution\A0227504L\Code_A0227504L\source\sqlite3.c(45813): warning C26451: Arithmetic overflow: Using operator '+' on a 4 byte value and then casting the result to a 8 byte value. Cast the value to the wider type before calling operator '+' to avoid overflow (io.2).
C:\Users\yong3\Documents\Yong\techy\tic2003\WIN_StartupSPASolution\A0227504L\Code_A0227504L\source\sqlite3.c(45813): warning C26451: Arithmetic overflow: Using operator '+' on a 4 byte value and then casting the result to a 8 byte value. Cast the value to the wider type before calling operator '+' to avoid overflow (io.2).
C:\Users\yong3\Documents\Yong\techy\tic2003\WIN_StartupSPASolution\A0227504L\Code_A0227504L\source\sqlite3.c(46105): warning C6011: Dereferencing NULL pointer 'pShm'. 
C:\Users\yong3\Documents\Yong\techy\tic2003\WIN_StartupSPASolution\A0227504L\Code_A0227504L\source\sqlite3.c(46151): warning C26451: Arithmetic overflow: Using operator '*' on a 4 byte value and then casting the result to a 8 byte value. Cast the value to the wider type before calling operator '*' to avoid overflow (io.2).
C:\Users\yong3\Documents\Yong\techy\tic2003\WIN_StartupSPASolution\A0227504L\Code_A0227504L\source\sqlite3.c(46151): warning C26451: Arithmetic overflow: Using operator '+' on a 4 byte value and then casting the result to a 8 byte value. Cast the value to the wider type before calling operator '+' to avoid overflow (io.2).
C:\Users\yong3\Documents\Yong\techy\tic2003\WIN_StartupSPASolution\A0227504L\Code_A0227504L\source\sqlite3.c(46407): warning C6011: Dereferencing NULL pointer 'pFd->pMapRegion'. 
C:\Users\yong3\Documents\Yong\techy\tic2003\WIN_StartupSPASolution\A0227504L\Code_A0227504L\source\sqlite3.c(46733): warning C26451: Arithmetic overflow: Using operator '*' on a 4 byte value and then casting the result to a 8 byte value. Cast the value to the wider type before calling operator '*' to avoid overflow (io.2).
C:\Users\yong3\Documents\Yong\techy\tic2003\WIN_StartupSPASolution\A0227504L\Code_A0227504L\source\sqlite3.c(47565): warning C26451: Arithmetic overflow: Using operator '*' on a 4 byte value and then casting the result to a 8 byte value. Cast the value to the wider type before calling operator '*' to avoid overflow (io.2).
C:\Users\yong3\Documents\Yong\techy\tic2003\WIN_StartupSPASolution\A0227504L\Code_A0227504L\source\sqlite3.c(49026): warning C26451: Arithmetic overflow: Using operator '+' on a 4 byte value and then casting the result to a 8 byte value. Cast the value to the wider type before calling operator '+' to avoid overflow (io.2).
C:\Users\yong3\Documents\Yong\techy\tic2003\WIN_StartupSPASolution\A0227504L\Code_A0227504L\source\sqlite3.c(49343): warning C26451: Arithmetic overflow: Using operator '+' on a 4 byte value and then casting the result to a 8 byte value. Cast the value to the wider type before calling operator '+' to avoid overflow (io.2).
C:\Users\yong3\Documents\Yong\techy\tic2003\WIN_StartupSPASolution\A0227504L\Code_A0227504L\source\sqlite3.c(49360): warning C6011: Dereferencing NULL pointer 'sqlite3Config.pcache2.xInit'. 
C:\Users\yong3\Documents\Yong\techy\tic2003\WIN_StartupSPASolution\A0227504L\Code_A0227504L\source\sqlite3.c(49919): warning C26451: Arithmetic overflow: Using operator '+' on a 4 byte value and then casting the result to a 8 byte value. Cast the value to the wider type before calling operator '+' to avoid overflow (io.2).
C:\Users\yong3\Documents\Yong\techy\tic2003\WIN_StartupSPASolution\A0227504L\Code_A0227504L\source\sqlite3.c(50407): warning C28182: Dereferencing NULL pointer. 'p' contains the same NULL value as 'pCache->pFree' did. 
C:\Users\yong3\Documents\Yong\techy\tic2003\WIN_StartupSPASolution\A0227504L\Code_A0227504L\source\sqlite3.c(50532): warning C26451: Arithmetic overflow: Using operator '*' on a 4 byte value and then casting the result to a 8 byte value. Cast the value to the wider type before calling operator '*' to avoid overflow (io.2).
C:\Users\yong3\Documents\Yong\techy\tic2003\WIN_StartupSPASolution\A0227504L\Code_A0227504L\source\sqlite3.c(53644): warning C26451: Arithmetic overflow: Using operator '+' on a 4 byte value and then casting the result to a 8 byte value. Cast the value to the wider type before calling operator '+' to avoid overflow (io.2).
C:\Users\yong3\Documents\Yong\techy\tic2003\WIN_StartupSPASolution\A0227504L\Code_A0227504L\source\sqlite3.c(54198): warning C26451: Arithmetic overflow: Using operator '+' on a 4 byte value and then casting the result to a 8 byte value. Cast the value to the wider type before calling operator '+' to avoid overflow (io.2).
C:\Users\yong3\Documents\Yong\techy\tic2003\WIN_StartupSPASolution\A0227504L\Code_A0227504L\source\sqlite3.c(54198): warning C26451: Arithmetic overflow: Using operator '+' on a 4 byte value and then casting the result to a 8 byte value. Cast the value to the wider type before calling operator '+' to avoid overflow (io.2).
C:\Users\yong3\Documents\Yong\techy\tic2003\WIN_StartupSPASolution\A0227504L\Code_A0227504L\source\sqlite3.c(54417): warning C26451: Arithmetic overflow: Using operator '*' on a 4 byte value and then casting the result to a 8 byte value. Cast the value to the wider type before calling operator '*' to avoid overflow (io.2).
C:\Users\yong3\Documents\Yong\techy\tic2003\WIN_StartupSPASolution\A0227504L\Code_A0227504L\source\sqlite3.c(54733): warning C26451: Arithmetic overflow: Using operator '+' on a 4 byte value and then casting the result to a 8 byte value. Cast the value to the wider type before calling operator '+' to avoid overflow (io.2).
C:\Users\yong3\Documents\Yong\techy\tic2003\WIN_StartupSPASolution\A0227504L\Code_A0227504L\source\sqlite3.c(54752): warning C26451: Arithmetic overflow: Using operator '+' on a 4 byte value and then casting the result to a 8 byte value. Cast the value to the wider type before calling operator '+' to avoid overflow (io.2).
C:\Users\yong3\Documents\Yong\techy\tic2003\WIN_StartupSPASolution\A0227504L\Code_A0227504L\source\sqlite3.c(55076): warning C28182: Dereferencing NULL pointer. 'pList' contains the same NULL value as '*ppNext=p' did. 
C:\Users\yong3\Documents\Yong\techy\tic2003\WIN_StartupSPASolution\A0227504L\Code_A0227504L\source\sqlite3.c(55337): warning C26451: Arithmetic overflow: Using operator '+' on a 4 byte value and then casting the result to a 8 byte value. Cast the value to the wider type before calling operator '+' to avoid overflow (io.2).
C:\Users\yong3\Documents\Yong\techy\tic2003\WIN_StartupSPASolution\A0227504L\Code_A0227504L\source\sqlite3.c(55352): warning C26451: Arithmetic overflow: Using operator '+' on a 4 byte value and then casting the result to a 8 byte value. Cast the value to the wider type before calling operator '+' to avoid overflow (io.2).
C:\Users\yong3\Documents\Yong\techy\tic2003\WIN_StartupSPASolution\A0227504L\Code_A0227504L\source\sqlite3.c(55924): warning C26451: Arithmetic overflow: Using operator '+' on a 4 byte value and then casting the result to a 8 byte value. Cast the value to the wider type before calling operator '+' to avoid overflow (io.2).
C:\Users\yong3\Documents\Yong\techy\tic2003\WIN_StartupSPASolution\A0227504L\Code_A0227504L\source\sqlite3.c(56401): warning C26451: Arithmetic overflow: Using operator '+' on a 4 byte value and then casting the result to a 8 byte value. Cast the value to the wider type before calling operator '+' to avoid overflow (io.2).
C:\Users\yong3\Documents\Yong\techy\tic2003\WIN_StartupSPASolution\A0227504L\Code_A0227504L\source\sqlite3.c(56627): warning C26451: Arithmetic overflow: Using operator '*' on a 4 byte value and then casting the result to a 8 byte value. Cast the value to the wider type before calling operator '*' to avoid overflow (io.2).
C:\Users\yong3\Documents\Yong\techy\tic2003\WIN_StartupSPASolution\A0227504L\Code_A0227504L\source\sqlite3.c(56721): warning C26451: Arithmetic overflow: Using operator '+' on a 4 byte value and then casting the result to a 8 byte value. Cast the value to the wider type before calling operator '+' to avoid overflow (io.2).
C:\Users\yong3\Documents\Yong\techy\tic2003\WIN_StartupSPASolution\A0227504L\Code_A0227504L\source\sqlite3.c(56721): warning C26451: Arithmetic overflow: Using operator '+' on a 4 byte value and then casting the result to a 8 byte value. Cast the value to the wider type before calling operator '+' to avoid overflow (io.2).
C:\Users\yong3\Documents\Yong\techy\tic2003\WIN_StartupSPASolution\A0227504L\Code_A0227504L\source\sqlite3.c(56721): warning C26451: Arithmetic overflow: Using operator '+' on a 4 byte value and then casting the result to a 8 byte value. Cast the value to the wider type before calling operator '+' to avoid overflow (io.2).
C:\Users\yong3\Documents\Yong\techy\tic2003\WIN_StartupSPASolution\A0227504L\Code_A0227504L\source\sqlite3.c(56719): warning C26451: Arithmetic overflow: Using operator '+' on a 4 byte value and then casting the result to a 8 byte value. Cast the value to the wider type before calling operator '+' to avoid overflow (io.2).
C:\Users\yong3\Documents\Yong\techy\tic2003\WIN_StartupSPASolution\A0227504L\Code_A0227504L\source\sqlite3.c(56719): warning C26451: Arithmetic overflow: Using operator '+' on a 4 byte value and then casting the result to a 8 byte value. Cast the value to the wider type before calling operator '+' to avoid overflow (io.2).
C:\Users\yong3\Documents\Yong\techy\tic2003\WIN_StartupSPASolution\A0227504L\Code_A0227504L\source\sqlite3.c(56719): warning C26451: Arithmetic overflow: Using operator '+' on a 4 byte value and then casting the result to a 8 byte value. Cast the value to the wider type before calling operator '+' to avoid overflow (io.2).
C:\Users\yong3\Documents\Yong\techy\tic2003\WIN_StartupSPASolution\A0227504L\Code_A0227504L\source\sqlite3.c(56718): warning C26451: Arithmetic overflow: Using operator '+' on a 4 byte value and then casting the result to a 8 byte value. Cast the value to the wider type before calling operator '+' to avoid overflow (io.2).
C:\Users\yong3\Documents\Yong\techy\tic2003\WIN_StartupSPASolution\A0227504L\Code_A0227504L\source\sqlite3.c(56717): warning C26451: Arithmetic overflow: Using operator '+' on a 4 byte value and then casting the result to a 8 byte value. Cast the value to the wider type before calling operator '+' to avoid overflow (io.2).
C:\Users\yong3\Documents\Yong\techy\tic2003\WIN_StartupSPASolution\A0227504L\Code_A0227504L\source\sqlite3.c(56717): warning C26451: Arithmetic overflow: Using operator '+' on a 4 byte value and then casting the result to a 8 byte value. Cast the value to the wider type before calling operator '+' to avoid overflow (io.2).
C:\Users\yong3\Documents\Yong\techy\tic2003\WIN_StartupSPASolution\A0227504L\Code_A0227504L\source\sqlite3.c(56716): warning C26451: Arithmetic overflow: Using operator '+' on a 4 byte value and then casting the result to a 8 byte value. Cast the value to the wider type before calling operator '+' to avoid overflow (io.2).
C:\Users\yong3\Documents\Yong\techy\tic2003\WIN_StartupSPASolution\A0227504L\Code_A0227504L\source\sqlite3.c(56715): warning C26451: Arithmetic overflow: Using operator '+' on a 4 byte value and then casting the result to a 8 byte value. Cast the value to the wider type before calling operator '+' to avoid overflow (io.2).
C:\Users\yong3\Documents\Yong\techy\tic2003\WIN_StartupSPASolution\A0227504L\Code_A0227504L\source\sqlite3.c(56714): warning C26451: Arithmetic overflow: Using operator '+' on a 4 byte value and then casting the result to a 8 byte value. Cast the value to the wider type before calling operator '+' to avoid overflow (io.2).
C:\Users\yong3\Documents\Yong\techy\tic2003\WIN_StartupSPASolution\A0227504L\Code_A0227504L\source\sqlite3.c(56713): warning C26451: Arithmetic overflow: Using operator '+' on a 4 byte value and then casting the result to a 8 byte value. Cast the value to the wider type before calling operator '+' to avoid overflow (io.2).
C:\Users\yong3\Documents\Yong\techy\tic2003\WIN_StartupSPASolution\A0227504L\Code_A0227504L\source\sqlite3.c(56712): warning C26451: Arithmetic overflow: Using operator '+' on a 4 byte value and then casting the result to a 8 byte value. Cast the value to the wider type before calling operator '+' to avoid overflow (io.2).
C:\Users\yong3\Documents\Yong\techy\tic2003\WIN_StartupSPASolution\A0227504L\Code_A0227504L\source\sqlite3.c(56711): warning C26451: Arithmetic overflow: Using operator '+' on a 4 byte value and then casting the result to a 8 byte value. Cast the value to the wider type before calling operator '+' to avoid overflow (io.2).
C:\Users\yong3\Documents\Yong\techy\tic2003\WIN_StartupSPASolution\A0227504L\Code_A0227504L\source\sqlite3.c(57858): warning C26451: Arithmetic overflow: Using operator '+' on a 4 byte value and then casting the result to a 8 byte value. Cast the value to the wider type before calling operator '+' to avoid overflow (io.2).
C:\Users\yong3\Documents\Yong\techy\tic2003\WIN_StartupSPASolution\A0227504L\Code_A0227504L\source\sqlite3.c(58755): warning C26451: Arithmetic overflow: Using operator '*' on a 4 byte value and then casting the result to a 8 byte value. Cast the value to the wider type before calling operator '*' to avoid overflow (io.2).
C:\Users\yong3\Documents\Yong\techy\tic2003\WIN_StartupSPASolution\A0227504L\Code_A0227504L\source\sqlite3.c(60195): warning C26451: Arithmetic overflow: Using operator '*' on a 4 byte value and then casting the result to a 8 byte value. Cast the value to the wider type before calling operator '*' to avoid overflow (io.2).
C:\Users\yong3\Documents\Yong\techy\tic2003\WIN_StartupSPASolution\A0227504L\Code_A0227504L\source\sqlite3.c(60864): warning C26451: Arithmetic overflow: Using operator '+' on a 4 byte value and then casting the result to a 8 byte value. Cast the value to the wider type before calling operator '+' to avoid overflow (io.2).
C:\Users\yong3\Documents\Yong\techy\tic2003\WIN_StartupSPASolution\A0227504L\Code_A0227504L\source\sqlite3.c(60885): warning C26451: Arithmetic overflow: Using operator '+' on a 4 byte value and then casting the result to a 8 byte value. Cast the value to the wider type before calling operator '+' to avoid overflow (io.2).
C:\Users\yong3\Documents\Yong\techy\tic2003\WIN_StartupSPASolution\A0227504L\Code_A0227504L\source\sqlite3.c(61058): warning C26451: Arithmetic overflow: Using operator '+' on a 4 byte value and then casting the result to a 8 byte value. Cast the value to the wider type before calling operator '+' to avoid overflow (io.2).
C:\Users\yong3\Documents\Yong\techy\tic2003\WIN_StartupSPASolution\A0227504L\Code_A0227504L\source\sqlite3.c(61322): warning C26451: Arithmetic overflow: Using operator '+' on a 4 byte value and then casting the result to a 8 byte value. Cast the value to the wider type before calling operator '+' to avoid overflow (io.2).
C:\Users\yong3\Documents\Yong\techy\tic2003\WIN_StartupSPASolution\A0227504L\Code_A0227504L\source\sqlite3.c(61321): warning C26451: Arithmetic overflow: Using operator '+' on a 4 byte value and then casting the result to a 8 byte value. Cast the value to the wider type before calling operator '+' to avoid overflow (io.2).
C:\Users\yong3\Documents\Yong\techy\tic2003\WIN_StartupSPASolution\A0227504L\Code_A0227504L\source\sqlite3.c(61334): warning C26451: Arithmetic overflow: Using operator '*' on a 4 byte value and then casting the result to a 8 byte value. Cast the value to the wider type before calling operator '*' to avoid overflow (io.2).
C:\Users\yong3\Documents\Yong\techy\tic2003\WIN_StartupSPASolution\A0227504L\Code_A0227504L\source\sqlite3.c(61662): warning C26451: Arithmetic overflow: Using operator '+' on a 4 byte value and then casting the result to a 8 byte value. Cast the value to the wider type before calling operator '+' to avoid overflow (io.2).
C:\Users\yong3\Documents\Yong\techy\tic2003\WIN_StartupSPASolution\A0227504L\Code_A0227504L\source\sqlite3.c(62144): warning C26451: Arithmetic overflow: Using operator '+' on a 4 byte value and then casting the result to a 8 byte value. Cast the value to the wider type before calling operator '+' to avoid overflow (io.2).
C:\Users\yong3\Documents\Yong\techy\tic2003\WIN_StartupSPASolution\A0227504L\Code_A0227504L\source\sqlite3.c(62772): warning C26451: Arithmetic overflow: Using operator '+' on a 4 byte value and then casting the result to a 8 byte value. Cast the value to the wider type before calling operator '+' to avoid overflow (io.2).
C:\Users\yong3\Documents\Yong\techy\tic2003\WIN_StartupSPASolution\A0227504L\Code_A0227504L\source\sqlite3.c(63096): warning C26451: Arithmetic overflow: Using operator '+' on a 4 byte value and then casting the result to a 8 byte value. Cast the value to the wider type before calling operator '+' to avoid overflow (io.2).
C:\Users\yong3\Documents\Yong\techy\tic2003\WIN_StartupSPASolution\A0227504L\Code_A0227504L\source\sqlite3.c(63105): warning C26451: Arithmetic overflow: Using operator '+' on a 4 byte value and then casting the result to a 8 byte value. Cast the value to the wider type before calling operator '+' to avoid overflow (io.2).
C:\Users\yong3\Documents\Yong\techy\tic2003\WIN_StartupSPASolution\A0227504L\Code_A0227504L\source\sqlite3.c(63329): warning C6011: Dereferencing NULL pointer 'pLast'. 
C:\Users\yong3\Documents\Yong\techy\tic2003\WIN_StartupSPASolution\A0227504L\Code_A0227504L\source\sqlite3.c(63221): warning C26451: Arithmetic overflow: Using operator '+' on a 4 byte value and then casting the result to a 8 byte value. Cast the value to the wider type before calling operator '+' to avoid overflow (io.2).
C:\Users\yong3\Documents\Yong\techy\tic2003\WIN_StartupSPASolution\A0227504L\Code_A0227504L\source\sqlite3.c(63237): warning C26451: Arithmetic overflow: Using operator '+' on a 4 byte value and then casting the result to a 8 byte value. Cast the value to the wider type before calling operator '+' to avoid overflow (io.2).
C:\Users\yong3\Documents\Yong\techy\tic2003\WIN_StartupSPASolution\A0227504L\Code_A0227504L\source\sqlite3.c(63307): warning C26451: Arithmetic overflow: Using operator '+' on a 4 byte value and then casting the result to a 8 byte value. Cast the value to the wider type before calling operator '+' to avoid overflow (io.2).
C:\Users\yong3\Documents\Yong\techy\tic2003\WIN_StartupSPASolution\A0227504L\Code_A0227504L\source\sqlite3.c(63308): warning C26451: Arithmetic overflow: Using operator '+' on a 4 byte value and then casting the result to a 8 byte value. Cast the value to the wider type before calling operator '+' to avoid overflow (io.2).
C:\Users\yong3\Documents\Yong\techy\tic2003\WIN_StartupSPASolution\A0227504L\Code_A0227504L\source\sqlite3.c(69586): warning C26451: Arithmetic overflow: Using operator '*' on a 4 byte value and then casting the result to a 8 byte value. Cast the value to the wider type before calling operator '*' to avoid overflow (io.2).
C:\Users\yong3\Documents\Yong\techy\tic2003\WIN_StartupSPASolution\A0227504L\Code_A0227504L\source\sqlite3.c(69586): warning C26451: Arithmetic overflow: Using operator '*' on a 4 byte value and then casting the result to a 8 byte value. Cast the value to the wider type before calling operator '*' to avoid overflow (io.2).
C:\Users\yong3\Documents\Yong\techy\tic2003\WIN_StartupSPASolution\A0227504L\Code_A0227504L\source\sqlite3.c(70330): warning C26451: Arithmetic overflow: Using operator '+' on a 4 byte value and then casting the result to a 8 byte value. Cast the value to the wider type before calling operator '+' to avoid overflow (io.2).
C:\Users\yong3\Documents\Yong\techy\tic2003\WIN_StartupSPASolution\A0227504L\Code_A0227504L\source\sqlite3.c(70742): warning C6011: Dereferencing NULL pointer 'pTrunk'. 
C:\Users\yong3\Documents\Yong\techy\tic2003\WIN_StartupSPASolution\A0227504L\Code_A0227504L\source\sqlite3.c(72763): warning C6385: Reading invalid data from 'apNew':  the readable size is '20' bytes, but '-4' bytes may be read.
C:\Users\yong3\Documents\Yong\techy\tic2003\WIN_StartupSPASolution\A0227504L\Code_A0227504L\source\sqlite3.c(72763): warning C6001: Using uninitialized memory 'apNew'.
C:\Users\yong3\Documents\Yong\techy\tic2003\WIN_StartupSPASolution\A0227504L\Code_A0227504L\source\sqlite3.c(72502): warning C6001: Using uninitialized memory 'szNew'.
C:\Users\yong3\Documents\Yong\techy\tic2003\WIN_StartupSPASolution\A0227504L\Code_A0227504L\source\sqlite3.c(72510): warning C6001: Using uninitialized memory 'apDiv'.
C:\Users\yong3\Documents\Yong\techy\tic2003\WIN_StartupSPASolution\A0227504L\Code_A0227504L\source\sqlite3.c(72510): warning C6001: Using uninitialized memory 'apDiv[BYTE:0]'.
C:\Users\yong3\Documents\Yong\techy\tic2003\WIN_StartupSPASolution\A0227504L\Code_A0227504L\source\sqlite3.c(72966): warning C6001: Using uninitialized memory 'apNew[BYTE:0]'.
C:\Users\yong3\Documents\Yong\techy\tic2003\WIN_StartupSPASolution\A0227504L\Code_A0227504L\source\sqlite3.c(74924): warning C26451: Arithmetic overflow: Using operator '+' on a 4 byte value and then casting the result to a 8 byte value. Cast the value to the wider type before calling operator '+' to avoid overflow (io.2).
C:\Users\yong3\Documents\Yong\techy\tic2003\WIN_StartupSPASolution\A0227504L\Code_A0227504L\source\sqlite3.c(75816): warning C26451: Arithmetic overflow: Using operator '+' on a 4 byte value and then casting the result to a 8 byte value. Cast the value to the wider type before calling operator '+' to avoid overflow (io.2).
C:\Users\yong3\Documents\Yong\techy\tic2003\WIN_StartupSPASolution\A0227504L\Code_A0227504L\source\sqlite3.c(75818): warning C26451: Arithmetic overflow: Using operator '+' on a 4 byte value and then casting the result to a 8 byte value. Cast the value to the wider type before calling operator '+' to avoid overflow (io.2).
C:\Users\yong3\Documents\Yong\techy\tic2003\WIN_StartupSPASolution\A0227504L\Code_A0227504L\source\sqlite3.c(77225): warning C6011: Dereferencing NULL pointer 'pMem->db'. 
C:\Users\yong3\Documents\Yong\techy\tic2003\WIN_StartupSPASolution\A0227504L\Code_A0227504L\source\sqlite3.c(77264): warning C26451: Arithmetic overflow: Using operator '+' on a 4 byte value and then casting the result to a 8 byte value. Cast the value to the wider type before calling operator '+' to avoid overflow (io.2).
C:\Users\yong3\Documents\Yong\techy\tic2003\WIN_StartupSPASolution\A0227504L\Code_A0227504L\source\sqlite3.c(78541): warning C26451: Arithmetic overflow: Using operator '*' on a 4 byte value and then casting the result to a 8 byte value. Cast the value to the wider type before calling operator '*' to avoid overflow (io.2).
C:\Users\yong3\Documents\Yong\techy\tic2003\WIN_StartupSPASolution\A0227504L\Code_A0227504L\source\sqlite3.c(80001): warning C6011: Dereferencing NULL pointer 'apSub'. 
C:\Users\yong3\Documents\Yong\techy\tic2003\WIN_StartupSPASolution\A0227504L\Code_A0227504L\source\sqlite3.c(80412): warning C26451: Arithmetic overflow: Using operator '*' on a 4 byte value and then casting the result to a 8 byte value. Cast the value to the wider type before calling operator '*' to avoid overflow (io.2).
C:\Users\yong3\Documents\Yong\techy\tic2003\WIN_StartupSPASolution\A0227504L\Code_A0227504L\source\sqlite3.c(80413): warning C26451: Arithmetic overflow: Using operator '*' on a 4 byte value and then casting the result to a 8 byte value. Cast the value to the wider type before calling operator '*' to avoid overflow (io.2).
C:\Users\yong3\Documents\Yong\techy\tic2003\WIN_StartupSPASolution\A0227504L\Code_A0227504L\source\sqlite3.c(80414): warning C26451: Arithmetic overflow: Using operator '*' on a 4 byte value and then casting the result to a 8 byte value. Cast the value to the wider type before calling operator '*' to avoid overflow (io.2).
C:\Users\yong3\Documents\Yong\techy\tic2003\WIN_StartupSPASolution\A0227504L\Code_A0227504L\source\sqlite3.c(80415): warning C26451: Arithmetic overflow: Using operator '*' on a 4 byte value and then casting the result to a 8 byte value. Cast the value to the wider type before calling operator '*' to avoid overflow (io.2).
C:\Users\yong3\Documents\Yong\techy\tic2003\WIN_StartupSPASolution\A0227504L\Code_A0227504L\source\sqlite3.c(80423): warning C26451: Arithmetic overflow: Using operator '*' on a 4 byte value and then casting the result to a 8 byte value. Cast the value to the wider type before calling operator '*' to avoid overflow (io.2).
C:\Users\yong3\Documents\Yong\techy\tic2003\WIN_StartupSPASolution\A0227504L\Code_A0227504L\source\sqlite3.c(80424): warning C26451: Arithmetic overflow: Using operator '*' on a 4 byte value and then casting the result to a 8 byte value. Cast the value to the wider type before calling operator '*' to avoid overflow (io.2).
C:\Users\yong3\Documents\Yong\techy\tic2003\WIN_StartupSPASolution\A0227504L\Code_A0227504L\source\sqlite3.c(80425): warning C26451: Arithmetic overflow: Using operator '*' on a 4 byte value and then casting the result to a 8 byte value. Cast the value to the wider type before calling operator '*' to avoid overflow (io.2).
C:\Users\yong3\Documents\Yong\techy\tic2003\WIN_StartupSPASolution\A0227504L\Code_A0227504L\source\sqlite3.c(80426): warning C26451: Arithmetic overflow: Using operator '*' on a 4 byte value and then casting the result to a 8 byte value. Cast the value to the wider type before calling operator '*' to avoid overflow (io.2).
C:\Users\yong3\Documents\Yong\techy\tic2003\WIN_StartupSPASolution\A0227504L\Code_A0227504L\source\sqlite3.c(80581): warning C26451: Arithmetic overflow: Using operator '*' on a 4 byte value and then casting the result to a 8 byte value. Cast the value to the wider type before calling operator '*' to avoid overflow (io.2).
C:\Users\yong3\Documents\Yong\techy\tic2003\WIN_StartupSPASolution\A0227504L\Code_A0227504L\source\sqlite3.c(80797): warning C26451: Arithmetic overflow: Using operator '+' on a 4 byte value and then casting the result to a 8 byte value. Cast the value to the wider type before calling operator '+' to avoid overflow (io.2).
C:\Users\yong3\Documents\Yong\techy\tic2003\WIN_StartupSPASolution\A0227504L\Code_A0227504L\source\sqlite3.c(92546): warning C26451: Arithmetic overflow: Using operator '+' on a 4 byte value and then casting the result to a 8 byte value. Cast the value to the wider type before calling operator '+' to avoid overflow (io.2).
C:\Users\yong3\Documents\Yong\techy\tic2003\WIN_StartupSPASolution\A0227504L\Code_A0227504L\source\sqlite3.c(92546): warning C26451: Arithmetic overflow: Using operator '*' on a 4 byte value and then casting the result to a 8 byte value. Cast the value to the wider type before calling operator '*' to avoid overflow (io.2).
C:\Users\yong3\Documents\Yong\techy\tic2003\WIN_StartupSPASolution\A0227504L\Code_A0227504L\source\sqlite3.c(92042): warning C26451: Arithmetic overflow: Using operator '-' on a 4 byte value and then casting the result to a 8 byte value. Cast the value to the wider type before calling operator '-' to avoid overflow (io.2).
C:\Users\yong3\Documents\Yong\techy\tic2003\WIN_StartupSPASolution\A0227504L\Code_A0227504L\source\sqlite3.c(88868): warning C26451: Arithmetic overflow: Using operator '+' on a 4 byte value and then casting the result to a 8 byte value. Cast the value to the wider type before calling operator '+' to avoid overflow (io.2).
C:\Users\yong3\Documents\Yong\techy\tic2003\WIN_StartupSPASolution\A0227504L\Code_A0227504L\source\sqlite3.c(88868): warning C26451: Arithmetic overflow: Using operator '+' on a 4 byte value and then casting the result to a 8 byte value. Cast the value to the wider type before calling operator '+' to avoid overflow (io.2).
C:\Users\yong3\Documents\Yong\techy\tic2003\WIN_StartupSPASolution\A0227504L\Code_A0227504L\source\sqlite3.c(87156): warning C26451: Arithmetic overflow: Using operator '+' on a 4 byte value and then casting the result to a 8 byte value. Cast the value to the wider type before calling operator '+' to avoid overflow (io.2).
C:\Users\yong3\Documents\Yong\techy\tic2003\WIN_StartupSPASolution\A0227504L\Code_A0227504L\source\sqlite3.c(86550): warning C26451: Arithmetic overflow: Using operator '-' on a 4 byte value and then casting the result to a 8 byte value. Cast the value to the wider type before calling operator '-' to avoid overflow (io.2).
C:\Users\yong3\Documents\Yong\techy\tic2003\WIN_StartupSPASolution\A0227504L\Code_A0227504L\source\sqlite3.c(95302): warning C26451: Arithmetic overflow: Using operator '+' on a 4 byte value and then casting the result to a 8 byte value. Cast the value to the wider type before calling operator '+' to avoid overflow (io.2).
C:\Users\yong3\Documents\Yong\techy\tic2003\WIN_StartupSPASolution\A0227504L\Code_A0227504L\source\sqlite3.c(96074): warning C6011: Dereferencing NULL pointer 'pTask'. 
C:\Users\yong3\Documents\Yong\techy\tic2003\WIN_StartupSPASolution\A0227504L\Code_A0227504L\source\sqlite3.c(97647): warning C6011: Dereferencing NULL pointer 'pChunk'. 
C:\Users\yong3\Documents\Yong\techy\tic2003\WIN_StartupSPASolution\A0227504L\Code_A0227504L\source\sqlite3.c(101000): warning C6387: 'pToken->z' could be '0':  this does not adhere to the specification for the function 'memcpy'. 
C:\Users\yong3\Documents\Yong\techy\tic2003\WIN_StartupSPASolution\A0227504L\Code_A0227504L\source\sqlite3.c(100988): warning C26451: Arithmetic overflow: Using operator '+' on a 4 byte value and then casting the result to a 8 byte value. Cast the value to the wider type before calling operator '+' to avoid overflow (io.2).
C:\Users\yong3\Documents\Yong\techy\tic2003\WIN_StartupSPASolution\A0227504L\Code_A0227504L\source\sqlite3.c(101229): warning C26451: Arithmetic overflow: Using operator '-' on a 4 byte value and then casting the result to a 8 byte value. Cast the value to the wider type before calling operator '-' to avoid overflow (io.2).
C:\Users\yong3\Documents\Yong\techy\tic2003\WIN_StartupSPASolution\A0227504L\Code_A0227504L\source\sqlite3.c(101557): warning C26451: Arithmetic overflow: Using operator '+' on a 4 byte value and then casting the result to a 8 byte value. Cast the value to the wider type before calling operator '+' to avoid overflow (io.2).
C:\Users\yong3\Documents\Yong\techy\tic2003\WIN_StartupSPASolution\A0227504L\Code_A0227504L\source\sqlite3.c(101729): warning C26451: Arithmetic overflow: Using operator '*' on a 4 byte value and then casting the result to a 8 byte value. Cast the value to the wider type before calling operator '*' to avoid overflow (io.2).
C:\Users\yong3\Documents\Yong\techy\tic2003\WIN_StartupSPASolution\A0227504L\Code_A0227504L\source\sqlite3.c(102923): warning C26451: Arithmetic overflow: Using operator '+' on a 4 byte value and then casting the result to a 8 byte value. Cast the value to the wider type before calling operator '+' to avoid overflow (io.2).
C:\Users\yong3\Documents\Yong\techy\tic2003\WIN_StartupSPASolution\A0227504L\Code_A0227504L\source\sqlite3.c(103376): warning C26451: Arithmetic overflow: Using operator '+' on a 4 byte value and then casting the result to a 8 byte value. Cast the value to the wider type before calling operator '+' to avoid overflow (io.2).
C:\Users\yong3\Documents\Yong\techy\tic2003\WIN_StartupSPASolution\A0227504L\Code_A0227504L\source\sqlite3.c(103376): warning C26451: Arithmetic overflow: Using operator '*' on a 4 byte value and then casting the result to a 8 byte value. Cast the value to the wider type before calling operator '*' to avoid overflow (io.2).
C:\Users\yong3\Documents\Yong\techy\tic2003\WIN_StartupSPASolution\A0227504L\Code_A0227504L\source\sqlite3.c(106739): warning C26451: Arithmetic overflow: Using operator '*' on a 4 byte value and then casting the result to a 8 byte value. Cast the value to the wider type before calling operator '*' to avoid overflow (io.2).
C:\Users\yong3\Documents\Yong\techy\tic2003\WIN_StartupSPASolution\A0227504L\Code_A0227504L\source\sqlite3.c(107376): warning C26451: Arithmetic overflow: Using operator '+' on a 4 byte value and then casting the result to a 8 byte value. Cast the value to the wider type before calling operator '+' to avoid overflow (io.2).
C:\Users\yong3\Documents\Yong\techy\tic2003\WIN_StartupSPASolution\A0227504L\Code_A0227504L\source\sqlite3.c(107376): warning C26451: Arithmetic overflow: Using operator '+' on a 4 byte value and then casting the result to a 8 byte value. Cast the value to the wider type before calling operator '+' to avoid overflow (io.2).
C:\Users\yong3\Documents\Yong\techy\tic2003\WIN_StartupSPASolution\A0227504L\Code_A0227504L\source\sqlite3.c(108881): warning C26451: Arithmetic overflow: Using operator '*' on a 4 byte value and then casting the result to a 8 byte value. Cast the value to the wider type before calling operator '*' to avoid overflow (io.2).
C:\Users\yong3\Documents\Yong\techy\tic2003\WIN_StartupSPASolution\A0227504L\Code_A0227504L\source\sqlite3.c(108881): warning C26451: Arithmetic overflow: Using operator '+' on a 4 byte value and then casting the result to a 8 byte value. Cast the value to the wider type before calling operator '+' to avoid overflow (io.2).
C:\Users\yong3\Documents\Yong\techy\tic2003\WIN_StartupSPASolution\A0227504L\Code_A0227504L\source\sqlite3.c(108891): warning C26451: Arithmetic overflow: Using operator '+' on a 4 byte value and then casting the result to a 8 byte value. Cast the value to the wider type before calling operator '+' to avoid overflow (io.2).
C:\Users\yong3\Documents\Yong\techy\tic2003\WIN_StartupSPASolution\A0227504L\Code_A0227504L\source\sqlite3.c(109191): warning C26451: Arithmetic overflow: Using operator '*' on a 4 byte value and then casting the result to a 8 byte value. Cast the value to the wider type before calling operator '*' to avoid overflow (io.2).
C:\Users\yong3\Documents\Yong\techy\tic2003\WIN_StartupSPASolution\A0227504L\Code_A0227504L\source\sqlite3.c(110115): warning C26451: Arithmetic overflow: Using operator '*' on a 4 byte value and then casting the result to a 8 byte value. Cast the value to the wider type before calling operator '*' to avoid overflow (io.2).
C:\Users\yong3\Documents\Yong\techy\tic2003\WIN_StartupSPASolution\A0227504L\Code_A0227504L\source\sqlite3.c(112134): warning C26451: Arithmetic overflow: Using operator '+' on a 4 byte value and then casting the result to a 8 byte value. Cast the value to the wider type before calling operator '+' to avoid overflow (io.2).
C:\Users\yong3\Documents\Yong\techy\tic2003\WIN_StartupSPASolution\A0227504L\Code_A0227504L\source\sqlite3.c(112134): warning C26451: Arithmetic overflow: Using operator '+' on a 4 byte value and then casting the result to a 8 byte value. Cast the value to the wider type before calling operator '+' to avoid overflow (io.2).
C:\Users\yong3\Documents\Yong\techy\tic2003\WIN_StartupSPASolution\A0227504L\Code_A0227504L\source\sqlite3.c(112149): warning C26451: Arithmetic overflow: Using operator '*' on a 4 byte value and then casting the result to a 8 byte value. Cast the value to the wider type before calling operator '*' to avoid overflow (io.2).
C:\Users\yong3\Documents\Yong\techy\tic2003\WIN_StartupSPASolution\A0227504L\Code_A0227504L\source\sqlite3.c(112149): warning C26451: Arithmetic overflow: Using operator '+' on a 4 byte value and then casting the result to a 8 byte value. Cast the value to the wider type before calling operator '+' to avoid overflow (io.2).
C:\Users\yong3\Documents\Yong\techy\tic2003\WIN_StartupSPASolution\A0227504L\Code_A0227504L\source\sqlite3.c(112795): warning C26451: Arithmetic overflow: Using operator '*' on a 4 byte value and then casting the result to a 8 byte value. Cast the value to the wider type before calling operator '*' to avoid overflow (io.2).
C:\Users\yong3\Documents\Yong\techy\tic2003\WIN_StartupSPASolution\A0227504L\Code_A0227504L\source\sqlite3.c(112810): warning C26451: Arithmetic overflow: Using operator '*' on a 4 byte value and then casting the result to a 8 byte value. Cast the value to the wider type before calling operator '*' to avoid overflow (io.2).
C:\Users\yong3\Documents\Yong\techy\tic2003\WIN_StartupSPASolution\A0227504L\Code_A0227504L\source\sqlite3.c(114316): warning C26451: Arithmetic overflow: Using operator '+' on a 4 byte value and then casting the result to a 8 byte value. Cast the value to the wider type before calling operator '+' to avoid overflow (io.2).
C:\Users\yong3\Documents\Yong\techy\tic2003\WIN_StartupSPASolution\A0227504L\Code_A0227504L\source\sqlite3.c(114866): warning C6011: Dereferencing NULL pointer 'pName'. 
C:\Users\yong3\Documents\Yong\techy\tic2003\WIN_StartupSPASolution\A0227504L\Code_A0227504L\source\sqlite3.c(116002): warning C26451: Arithmetic overflow: Using operator '+' on a 4 byte value and then casting the result to a 8 byte value. Cast the value to the wider type before calling operator '+' to avoid overflow (io.2).
C:\Users\yong3\Documents\Yong\techy\tic2003\WIN_StartupSPASolution\A0227504L\Code_A0227504L\source\sqlite3.c(116160): warning C26451: Arithmetic overflow: Using operator '+' on a 4 byte value and then casting the result to a 8 byte value. Cast the value to the wider type before calling operator '+' to avoid overflow (io.2).
C:\Users\yong3\Documents\Yong\techy\tic2003\WIN_StartupSPASolution\A0227504L\Code_A0227504L\source\sqlite3.c(116498): warning C26451: Arithmetic overflow: Using operator '+' on a 4 byte value and then casting the result to a 8 byte value. Cast the value to the wider type before calling operator '+' to avoid overflow (io.2).
C:\Users\yong3\Documents\Yong\techy\tic2003\WIN_StartupSPASolution\A0227504L\Code_A0227504L\source\sqlite3.c(116498): warning C26451: Arithmetic overflow: Using operator '+' on a 4 byte value and then casting the result to a 8 byte value. Cast the value to the wider type before calling operator '+' to avoid overflow (io.2).
C:\Users\yong3\Documents\Yong\techy\tic2003\WIN_StartupSPASolution\A0227504L\Code_A0227504L\source\sqlite3.c(117073): warning C26451: Arithmetic overflow: Using operator '+' on a 4 byte value and then casting the result to a 8 byte value. Cast the value to the wider type before calling operator '+' to avoid overflow (io.2).
C:\Users\yong3\Documents\Yong\techy\tic2003\WIN_StartupSPASolution\A0227504L\Code_A0227504L\source\sqlite3.c(118677): warning C26451: Arithmetic overflow: Using operator '+' on a 4 byte value and then casting the result to a 8 byte value. Cast the value to the wider type before calling operator '+' to avoid overflow (io.2).
C:\Users\yong3\Documents\Yong\techy\tic2003\WIN_StartupSPASolution\A0227504L\Code_A0227504L\source\sqlite3.c(118677): warning C26451: Arithmetic overflow: Using operator '*' on a 4 byte value and then casting the result to a 8 byte value. Cast the value to the wider type before calling operator '*' to avoid overflow (io.2).
C:\Users\yong3\Documents\Yong\techy\tic2003\WIN_StartupSPASolution\A0227504L\Code_A0227504L\source\sqlite3.c(118803): warning C26451: Arithmetic overflow: Using operator '+' on a 4 byte value and then casting the result to a 8 byte value. Cast the value to the wider type before calling operator '+' to avoid overflow (io.2).
C:\Users\yong3\Documents\Yong\techy\tic2003\WIN_StartupSPASolution\A0227504L\Code_A0227504L\source\sqlite3.c(118816): warning C26451: Arithmetic overflow: Using operator '-' on a 4 byte value and then casting the result to a 8 byte value. Cast the value to the wider type before calling operator '-' to avoid overflow (io.2).
C:\Users\yong3\Documents\Yong\techy\tic2003\WIN_StartupSPASolution\A0227504L\Code_A0227504L\source\sqlite3.c(119819): warning C26451: Arithmetic overflow: Using operator '*' on a 4 byte value and then casting the result to a 8 byte value. Cast the value to the wider type before calling operator '*' to avoid overflow (io.2).
C:\Users\yong3\Documents\Yong\techy\tic2003\WIN_StartupSPASolution\A0227504L\Code_A0227504L\source\sqlite3.c(120225): warning C6011: Dereferencing NULL pointer 'pIdx'. 
C:\Users\yong3\Documents\Yong\techy\tic2003\WIN_StartupSPASolution\A0227504L\Code_A0227504L\source\sqlite3.c(120956): warning C6011: Dereferencing NULL pointer 'pStep'. 
C:\Users\yong3\Documents\Yong\techy\tic2003\WIN_StartupSPASolution\A0227504L\Code_A0227504L\source\sqlite3.c(120964): warning C6011: Dereferencing NULL pointer 'pTrigger'. 
C:\Users\yong3\Documents\Yong\techy\tic2003\WIN_StartupSPASolution\A0227504L\Code_A0227504L\source\sqlite3.c(120920): warning C26451: Arithmetic overflow: Using operator '+' on a 4 byte value and then casting the result to a 8 byte value. Cast the value to the wider type before calling operator '+' to avoid overflow (io.2).
C:\Users\yong3\Documents\Yong\techy\tic2003\WIN_StartupSPASolution\A0227504L\Code_A0227504L\source\sqlite3.c(120919): warning C26451: Arithmetic overflow: Using operator '+' on a 4 byte value and then casting the result to a 8 byte value. Cast the value to the wider type before calling operator '+' to avoid overflow (io.2).
C:\Users\yong3\Documents\Yong\techy\tic2003\WIN_StartupSPASolution\A0227504L\Code_A0227504L\source\sqlite3.c(121134): warning C26451: Arithmetic overflow: Using operator '+' on a 4 byte value and then casting the result to a 8 byte value. Cast the value to the wider type before calling operator '+' to avoid overflow (io.2).
C:\Users\yong3\Documents\Yong\techy\tic2003\WIN_StartupSPASolution\A0227504L\Code_A0227504L\source\sqlite3.c(121186): warning C26451: Arithmetic overflow: Using operator '+' on a 4 byte value and then casting the result to a 8 byte value. Cast the value to the wider type before calling operator '+' to avoid overflow (io.2).
C:\Users\yong3\Documents\Yong\techy\tic2003\WIN_StartupSPASolution\A0227504L\Code_A0227504L\source\sqlite3.c(122014): warning C26451: Arithmetic overflow: Using operator '*' on a 4 byte value and then casting the result to a 8 byte value. Cast the value to the wider type before calling operator '*' to avoid overflow (io.2).
C:\Users\yong3\Documents\Yong\techy\tic2003\WIN_StartupSPASolution\A0227504L\Code_A0227504L\source\sqlite3.c(123870): warning C6011: Dereferencing NULL pointer 'pSrcIdx'. 
C:\Users\yong3\Documents\Yong\techy\tic2003\WIN_StartupSPASolution\A0227504L\Code_A0227504L\source\sqlite3.c(124003): warning C26451: Arithmetic overflow: Using operator '*' on a 4 byte value and then casting the result to a 8 byte value. Cast the value to the wider type before calling operator '*' to avoid overflow (io.2).
C:\Users\yong3\Documents\Yong\techy\tic2003\WIN_StartupSPASolution\A0227504L\Code_A0227504L\source\sqlite3.c(124003): warning C26451: Arithmetic overflow: Using operator '+' on a 4 byte value and then casting the result to a 8 byte value. Cast the value to the wider type before calling operator '+' to avoid overflow (io.2).
C:\Users\yong3\Documents\Yong\techy\tic2003\WIN_StartupSPASolution\A0227504L\Code_A0227504L\source\sqlite3.c(124003): warning C26451: Arithmetic overflow: Using operator '*' on a 4 byte value and then casting the result to a 8 byte value. Cast the value to the wider type before calling operator '*' to avoid overflow (io.2).
C:\Users\yong3\Documents\Yong\techy\tic2003\WIN_StartupSPASolution\A0227504L\Code_A0227504L\source\sqlite3.c(125257): warning C26451: Arithmetic overflow: Using operator '+' on a 4 byte value and then casting the result to a 8 byte value. Cast the value to the wider type before calling operator '+' to avoid overflow (io.2).
C:\Users\yong3\Documents\Yong\techy\tic2003\WIN_StartupSPASolution\A0227504L\Code_A0227504L\source\sqlite3.c(125327): warning C26451: Arithmetic overflow: Using operator '+' on a 4 byte value and then casting the result to a 8 byte value. Cast the value to the wider type before calling operator '+' to avoid overflow (io.2).
C:\Users\yong3\Documents\Yong\techy\tic2003\WIN_StartupSPASolution\A0227504L\Code_A0227504L\source\sqlite3.c(125372): warning C26451: Arithmetic overflow: Using operator '*' on a 4 byte value and then casting the result to a 8 byte value. Cast the value to the wider type before calling operator '*' to avoid overflow (io.2).
C:\Users\yong3\Documents\Yong\techy\tic2003\WIN_StartupSPASolution\A0227504L\Code_A0227504L\source\sqlite3.c(125483): warning C26451: Arithmetic overflow: Using operator '*' on a 4 byte value and then casting the result to a 8 byte value. Cast the value to the wider type before calling operator '*' to avoid overflow (io.2).
C:\Users\yong3\Documents\Yong\techy\tic2003\WIN_StartupSPASolution\A0227504L\Code_A0227504L\source\sqlite3.c(125483): warning C26451: Arithmetic overflow: Using operator '+' on a 4 byte value and then casting the result to a 8 byte value. Cast the value to the wider type before calling operator '+' to avoid overflow (io.2).
C:\Users\yong3\Documents\Yong\techy\tic2003\WIN_StartupSPASolution\A0227504L\Code_A0227504L\source\sqlite3.c(127859): warning C26451: Arithmetic overflow: Using operator '*' on a 4 byte value and then casting the result to a 8 byte value. Cast the value to the wider type before calling operator '*' to avoid overflow (io.2).
C:\Users\yong3\Documents\Yong\techy\tic2003\WIN_StartupSPASolution\A0227504L\Code_A0227504L\source\sqlite3.c(128735): warning C6386: Buffer overrun while writing to 'pCsr->azArg':  the writable size is '8' bytes, but '12' bytes might be written.
C:\Users\yong3\Documents\Yong\techy\tic2003\WIN_StartupSPASolution\A0227504L\Code_A0227504L\source\sqlite3.c(128736): warning C6385: Reading invalid data from 'pCsr->azArg':  the readable size is '8' bytes, but '12' bytes may be read.
C:\Users\yong3\Documents\Yong\techy\tic2003\WIN_StartupSPASolution\A0227504L\Code_A0227504L\source\sqlite3.c(131103): warning C26451: Arithmetic overflow: Using operator '+' on a 4 byte value and then casting the result to a 8 byte value. Cast the value to the wider type before calling operator '+' to avoid overflow (io.2).
C:\Users\yong3\Documents\Yong\techy\tic2003\WIN_StartupSPASolution\A0227504L\Code_A0227504L\source\sqlite3.c(131807): warning C6011: Dereferencing NULL pointer 'pColExpr'. 
C:\Users\yong3\Documents\Yong\techy\tic2003\WIN_StartupSPASolution\A0227504L\Code_A0227504L\source\sqlite3.c(131785): warning C26451: Arithmetic overflow: Using operator '*' on a 4 byte value and then casting the result to a 8 byte value. Cast the value to the wider type before calling operator '*' to avoid overflow (io.2).
C:\Users\yong3\Documents\Yong\techy\tic2003\WIN_StartupSPASolution\A0227504L\Code_A0227504L\source\sqlite3.c(131901): warning C26451: Arithmetic overflow: Using operator '+' on a 4 byte value and then casting the result to a 8 byte value. Cast the value to the wider type before calling operator '+' to avoid overflow (io.2).
C:\Users\yong3\Documents\Yong\techy\tic2003\WIN_StartupSPASolution\A0227504L\Code_A0227504L\source\sqlite3.c(131901): warning C26451: Arithmetic overflow: Using operator '+' on a 4 byte value and then casting the result to a 8 byte value. Cast the value to the wider type before calling operator '+' to avoid overflow (io.2).
C:\Users\yong3\Documents\Yong\techy\tic2003\WIN_StartupSPASolution\A0227504L\Code_A0227504L\source\sqlite3.c(132241): warning C6011: Dereferencing NULL pointer 'pFirstRec'. See line 132143 for an earlier location where this can occur
C:\Users\yong3\Documents\Yong\techy\tic2003\WIN_StartupSPASolution\A0227504L\Code_A0227504L\source\sqlite3.c(132285): warning C28182: Dereferencing NULL pointer. 'p' contains the same NULL value as 'pFirstRec' did. See line 132143 for an earlier location where this can occur
C:\Users\yong3\Documents\Yong\techy\tic2003\WIN_StartupSPASolution\A0227504L\Code_A0227504L\source\sqlite3.c(133063): warning C26451: Arithmetic overflow: Using operator '*' on a 4 byte value and then casting the result to a 8 byte value. Cast the value to the wider type before calling operator '*' to avoid overflow (io.2).
C:\Users\yong3\Documents\Yong\techy\tic2003\WIN_StartupSPASolution\A0227504L\Code_A0227504L\source\sqlite3.c(133887): warning C28182: Dereferencing NULL pointer. 'pSub' contains the same NULL value as 'pSub->pPrior' did. 
C:\Users\yong3\Documents\Yong\techy\tic2003\WIN_StartupSPASolution\A0227504L\Code_A0227504L\source\sqlite3.c(134078): warning C26451: Arithmetic overflow: Using operator '*' on a 4 byte value and then casting the result to a 8 byte value. Cast the value to the wider type before calling operator '*' to avoid overflow (io.2).
C:\Users\yong3\Documents\Yong\techy\tic2003\WIN_StartupSPASolution\A0227504L\Code_A0227504L\source\sqlite3.c(134078): warning C26451: Arithmetic overflow: Using operator '*' on a 4 byte value and then casting the result to a 8 byte value. Cast the value to the wider type before calling operator '*' to avoid overflow (io.2).
C:\Users\yong3\Documents\Yong\techy\tic2003\WIN_StartupSPASolution\A0227504L\Code_A0227504L\source\sqlite3.c(134298): warning C6011: Dereferencing NULL pointer 'pSubq'. See line 134277 for an earlier location where this can occur
C:\Users\yong3\Documents\Yong\techy\tic2003\WIN_StartupSPASolution\A0227504L\Code_A0227504L\source\sqlite3.c(135353): warning C6011: Dereferencing NULL pointer 'pList'. 
C:\Users\yong3\Documents\Yong\techy\tic2003\WIN_StartupSPASolution\A0227504L\Code_A0227504L\source\sqlite3.c(136782): warning C26451: Arithmetic overflow: Using operator '*' on a 4 byte value and then casting the result to a 8 byte value. Cast the value to the wider type before calling operator '*' to avoid overflow (io.2).
C:\Users\yong3\Documents\Yong\techy\tic2003\WIN_StartupSPASolution\A0227504L\Code_A0227504L\source\sqlite3.c(136863): warning C26451: Arithmetic overflow: Using operator '*' on a 4 byte value and then casting the result to a 8 byte value. Cast the value to the wider type before calling operator '*' to avoid overflow (io.2).
C:\Users\yong3\Documents\Yong\techy\tic2003\WIN_StartupSPASolution\A0227504L\Code_A0227504L\source\sqlite3.c(136891): warning C26451: Arithmetic overflow: Using operator '*' on a 4 byte value and then casting the result to a 8 byte value. Cast the value to the wider type before calling operator '*' to avoid overflow (io.2).
C:\Users\yong3\Documents\Yong\techy\tic2003\WIN_StartupSPASolution\A0227504L\Code_A0227504L\source\sqlite3.c(137283): warning C6011: Dereferencing NULL pointer 'pLink'. 
C:\Users\yong3\Documents\Yong\techy\tic2003\WIN_StartupSPASolution\A0227504L\Code_A0227504L\source\sqlite3.c(137350): warning C26451: Arithmetic overflow: Using operator '+' on a 4 byte value and then casting the result to a 8 byte value. Cast the value to the wider type before calling operator '+' to avoid overflow (io.2).
C:\Users\yong3\Documents\Yong\techy\tic2003\WIN_StartupSPASolution\A0227504L\Code_A0227504L\source\sqlite3.c(137350): warning C26451: Arithmetic overflow: Using operator '+' on a 4 byte value and then casting the result to a 8 byte value. Cast the value to the wider type before calling operator '+' to avoid overflow (io.2).
C:\Users\yong3\Documents\Yong\techy\tic2003\WIN_StartupSPASolution\A0227504L\Code_A0227504L\source\sqlite3.c(138564): warning C26451: Arithmetic overflow: Using operator '+' on a 4 byte value and then casting the result to a 8 byte value. Cast the value to the wider type before calling operator '+' to avoid overflow (io.2).
C:\Users\yong3\Documents\Yong\techy\tic2003\WIN_StartupSPASolution\A0227504L\Code_A0227504L\source\sqlite3.c(138564): warning C26451: Arithmetic overflow: Using operator '+' on a 4 byte value and then casting the result to a 8 byte value. Cast the value to the wider type before calling operator '+' to avoid overflow (io.2).
C:\Users\yong3\Documents\Yong\techy\tic2003\WIN_StartupSPASolution\A0227504L\Code_A0227504L\source\sqlite3.c(138564): warning C26451: Arithmetic overflow: Using operator '*' on a 4 byte value and then casting the result to a 8 byte value. Cast the value to the wider type before calling operator '*' to avoid overflow (io.2).
C:\Users\yong3\Documents\Yong\techy\tic2003\WIN_StartupSPASolution\A0227504L\Code_A0227504L\source\sqlite3.c(140187): warning C26451: Arithmetic overflow: Using operator '+' on a 4 byte value and then casting the result to a 8 byte value. Cast the value to the wider type before calling operator '+' to avoid overflow (io.2).
C:\Users\yong3\Documents\Yong\techy\tic2003\WIN_StartupSPASolution\A0227504L\Code_A0227504L\source\sqlite3.c(140187): warning C26451: Arithmetic overflow: Using operator '+' on a 4 byte value and then casting the result to a 8 byte value. Cast the value to the wider type before calling operator '+' to avoid overflow (io.2).
C:\Users\yong3\Documents\Yong\techy\tic2003\WIN_StartupSPASolution\A0227504L\Code_A0227504L\source\sqlite3.c(140488): warning C26451: Arithmetic overflow: Using operator '*' on a 4 byte value and then casting the result to a 8 byte value. Cast the value to the wider type before calling operator '*' to avoid overflow (io.2).
C:\Users\yong3\Documents\Yong\techy\tic2003\WIN_StartupSPASolution\A0227504L\Code_A0227504L\source\sqlite3.c(141284): warning C26451: Arithmetic overflow: Using operator '+' on a 4 byte value and then casting the result to a 8 byte value. Cast the value to the wider type before calling operator '+' to avoid overflow (io.2).
C:\Users\yong3\Documents\Yong\techy\tic2003\WIN_StartupSPASolution\A0227504L\Code_A0227504L\source\sqlite3.c(141284): warning C26451: Arithmetic overflow: Using operator '+' on a 4 byte value and then casting the result to a 8 byte value. Cast the value to the wider type before calling operator '+' to avoid overflow (io.2).
C:\Users\yong3\Documents\Yong\techy\tic2003\WIN_StartupSPASolution\A0227504L\Code_A0227504L\source\sqlite3.c(142634): warning C26451: Arithmetic overflow: Using operator '*' on a 4 byte value and then casting the result to a 8 byte value. Cast the value to the wider type before calling operator '*' to avoid overflow (io.2).
C:\Users\yong3\Documents\Yong\techy\tic2003\WIN_StartupSPASolution\A0227504L\Code_A0227504L\source\sqlite3.c(142663): warning C26451: Arithmetic overflow: Using operator '*' on a 4 byte value and then casting the result to a 8 byte value. Cast the value to the wider type before calling operator '*' to avoid overflow (io.2).
C:\Users\yong3\Documents\Yong\techy\tic2003\WIN_StartupSPASolution\A0227504L\Code_A0227504L\source\sqlite3.c(143147): warning C26451: Arithmetic overflow: Using operator '*' on a 4 byte value and then casting the result to a 8 byte value. Cast the value to the wider type before calling operator '*' to avoid overflow (io.2).
C:\Users\yong3\Documents\Yong\techy\tic2003\WIN_StartupSPASolution\A0227504L\Code_A0227504L\source\sqlite3.c(143306): warning C6011: Dereferencing NULL pointer 'aColExpr'. 
C:\Users\yong3\Documents\Yong\techy\tic2003\WIN_StartupSPASolution\A0227504L\Code_A0227504L\source\sqlite3.c(144166): warning C26451: Arithmetic overflow: Using operator '+' on a 4 byte value and then casting the result to a 8 byte value. Cast the value to the wider type before calling operator '+' to avoid overflow (io.2).
C:\Users\yong3\Documents\Yong\techy\tic2003\WIN_StartupSPASolution\A0227504L\Code_A0227504L\source\sqlite3.c(144640): warning C26451: Arithmetic overflow: Using operator '*' on a 4 byte value and then casting the result to a 8 byte value. Cast the value to the wider type before calling operator '*' to avoid overflow (io.2).
C:\Users\yong3\Documents\Yong\techy\tic2003\WIN_StartupSPASolution\A0227504L\Code_A0227504L\source\sqlite3.c(144640): warning C26451: Arithmetic overflow: Using operator '*' on a 4 byte value and then casting the result to a 8 byte value. Cast the value to the wider type before calling operator '*' to avoid overflow (io.2).
C:\Users\yong3\Documents\Yong\techy\tic2003\WIN_StartupSPASolution\A0227504L\Code_A0227504L\source\sqlite3.c(147160): warning C26451: Arithmetic overflow: Using operator '+' on a 4 byte value and then casting the result to a 8 byte value. Cast the value to the wider type before calling operator '+' to avoid overflow (io.2).
C:\Users\yong3\Documents\Yong\techy\tic2003\WIN_StartupSPASolution\A0227504L\Code_A0227504L\source\sqlite3.c(147160): warning C26451: Arithmetic overflow: Using operator '+' on a 4 byte value and then casting the result to a 8 byte value. Cast the value to the wider type before calling operator '+' to avoid overflow (io.2).
C:\Users\yong3\Documents\Yong\techy\tic2003\WIN_StartupSPASolution\A0227504L\Code_A0227504L\source\sqlite3.c(147159): warning C26451: Arithmetic overflow: Using operator '+' on a 4 byte value and then casting the result to a 8 byte value. Cast the value to the wider type before calling operator '+' to avoid overflow (io.2).
C:\Users\yong3\Documents\Yong\techy\tic2003\WIN_StartupSPASolution\A0227504L\Code_A0227504L\source\sqlite3.c(148095): warning C26451: Arithmetic overflow: Using operator '*' on a 4 byte value and then casting the result to a 8 byte value. Cast the value to the wider type before calling operator '*' to avoid overflow (io.2).
C:\Users\yong3\Documents\Yong\techy\tic2003\WIN_StartupSPASolution\A0227504L\Code_A0227504L\source\sqlite3.c(150561): warning C6385: Reading invalid data from 'pFrom->aLoop':  the readable size is '_Old_10`sizeof(WhereLoop *)*iLoop' bytes, but '4' bytes may be read.
C:\Users\yong3\Documents\Yong\techy\tic2003\WIN_StartupSPASolution\A0227504L\Code_A0227504L\source\sqlite3.c(150989): warning C26451: Arithmetic overflow: Using operator '+' on a 4 byte value and then casting the result to a 8 byte value. Cast the value to the wider type before calling operator '+' to avoid overflow (io.2).
C:\Users\yong3\Documents\Yong\techy\tic2003\WIN_StartupSPASolution\A0227504L\Code_A0227504L\source\sqlite3.c(152260): warning C26451: Arithmetic overflow: Using operator '+' on a 4 byte value and then casting the result to a 8 byte value. Cast the value to the wider type before calling operator '+' to avoid overflow (io.2).
C:\Users\yong3\Documents\Yong\techy\tic2003\WIN_StartupSPASolution\A0227504L\Code_A0227504L\source\sqlite3.c(152266): warning C26451: Arithmetic overflow: Using operator '+' on a 4 byte value and then casting the result to a 8 byte value. Cast the value to the wider type before calling operator '+' to avoid overflow (io.2).
C:\Users\yong3\Documents\Yong\techy\tic2003\WIN_StartupSPASolution\A0227504L\Code_A0227504L\source\sqlite3.c(152613): warning C28182: Dereferencing NULL pointer. 'p->pWin' contains the same NULL value as 'pWin' did. 
C:\Users\yong3\Documents\Yong\techy\tic2003\WIN_StartupSPASolution\A0227504L\Code_A0227504L\source\sqlite3.c(153600): warning C6011: Dereferencing NULL pointer 'pMWin'. See line 153580 for an earlier location where this can occur
C:\Users\yong3\Documents\Yong\techy\tic2003\WIN_StartupSPASolution\A0227504L\Code_A0227504L\source\sqlite3.c(154965): warning C6011: Dereferencing NULL pointer 'p'. See line 154957 for an earlier location where this can occur
C:\Users\yong3\Documents\Yong\techy\tic2003\WIN_StartupSPASolution\A0227504L\Code_A0227504L\source\sqlite3.c(154979): warning C26451: Arithmetic overflow: Using operator '+' on a 4 byte value and then casting the result to a 8 byte value. Cast the value to the wider type before calling operator '+' to avoid overflow (io.2).
C:\Users\yong3\Documents\Yong\techy\tic2003\WIN_StartupSPASolution\A0227504L\Code_A0227504L\source\sqlite3.c(154979): warning C26451: Arithmetic overflow: Using operator '+' on a 4 byte value and then casting the result to a 8 byte value. Cast the value to the wider type before calling operator '+' to avoid overflow (io.2).
C:\Users\yong3\Documents\Yong\techy\tic2003\WIN_StartupSPASolution\A0227504L\Code_A0227504L\source\sqlite3.c(158806): warning C6011: Dereferencing NULL pointer 'yymsp[-4].minor.yy47'. 
C:\Users\yong3\Documents\Yong\techy\tic2003\WIN_StartupSPASolution\A0227504L\Code_A0227504L\source\sqlite3.c(162595): warning C26451: Arithmetic overflow: Using operator '+' on a 4 byte value and then casting the result to a 8 byte value. Cast the value to the wider type before calling operator '+' to avoid overflow (io.2).
C:\Users\yong3\Documents\Yong\techy\tic2003\WIN_StartupSPASolution\A0227504L\Code_A0227504L\source\sqlite3.c(162596): warning C26451: Arithmetic overflow: Using operator '*' on a 4 byte value and then casting the result to a 8 byte value. Cast the value to the wider type before calling operator '*' to avoid overflow (io.2).
C:\Users\yong3\Documents\Yong\techy\tic2003\WIN_StartupSPASolution\A0227504L\Code_A0227504L\source\sqlite3.c(162598): warning C26451: Arithmetic overflow: Using operator '+' on a 4 byte value and then casting the result to a 8 byte value. Cast the value to the wider type before calling operator '+' to avoid overflow (io.2).
C:\Users\yong3\Documents\Yong\techy\tic2003\WIN_StartupSPASolution\A0227504L\Code_A0227504L\source\sqlite3.c(162599): warning C26451: Arithmetic overflow: Using operator '*' on a 4 byte value and then casting the result to a 8 byte value. Cast the value to the wider type before calling operator '*' to avoid overflow (io.2).
C:\Users\yong3\Documents\Yong\techy\tic2003\WIN_StartupSPASolution\A0227504L\Code_A0227504L\source\sqlite3.c(164669): warning C26451: Arithmetic overflow: Using operator '+' on a 4 byte value and then casting the result to a 8 byte value. Cast the value to the wider type before calling operator '+' to avoid overflow (io.2).
C:\Users\yong3\Documents\Yong\techy\tic2003\WIN_StartupSPASolution\A0227504L\Code_A0227504L\source\sqlite3.c(164851): warning C26451: Arithmetic overflow: Using operator '+' on a 4 byte value and then casting the result to a 8 byte value. Cast the value to the wider type before calling operator '+' to avoid overflow (io.2).
C:\Users\yong3\Documents\Yong\techy\tic2003\WIN_StartupSPASolution\A0227504L\Code_A0227504L\source\sqlite3.c(165208): warning C6011: Dereferencing NULL pointer 'db'. 
C:\Users\yong3\Documents\Yong\techy\tic2003\WIN_StartupSPASolution\A0227504L\Code_A0227504L\source\sqlite3.c(166118): warning C26451: Arithmetic overflow: Using operator '+' on a 4 byte value and then casting the result to a 8 byte value. Cast the value to the wider type before calling operator '+' to avoid overflow (io.2).
C:\Users\yong3\Documents\Yong\techy\tic2003\WIN_StartupSPASolution\A0227504L\Code_A0227504L\source\sqlite3.c(166118): warning C26451: Arithmetic overflow: Using operator '+' on a 4 byte value and then casting the result to a 8 byte value. Cast the value to the wider type before calling operator '+' to avoid overflow (io.2).
C:\Users\yong3\Documents\Yong\techy\tic2003\WIN_StartupSPASolution\A0227504L\Code_A0227504L\source\sqlite3.c(166118): warning C26451: Arithmetic overflow: Using operator '+' on a 4 byte value and then casting the result to a 8 byte value. Cast the value to the wider type before calling operator '+' to avoid overflow (io.2).
C:\Users\yong3\Documents\Yong\techy\tic2003\WIN_StartupSPASolution\A0227504L\Code_A0227504L\source\sqlite3.c(166120): warning C26451: Arithmetic overflow: Using operator '+' on a 4 byte value and then casting the result to a 8 byte value. Cast the value to the wider type before calling operator '+' to avoid overflow (io.2).
