c:\users\yong3\documents\yong\techy\tic2003\win_startupspasolution\a0227504l\code_a0227504l\debug\spa.pdb
c:\users\yong3\documents\yong\techy\tic2003\win_startupspasolution\a0227504l\code_a0227504l\debug\spa.idb
c:\users\yong3\documents\yong\techy\tic2003\win_startupspasolution\a0227504l\code_a0227504l\spa\debug\tokenizer.nativecodeanalysis.sarif
c:\users\yong3\documents\yong\techy\tic2003\win_startupspasolution\a0227504l\code_a0227504l\spa\debug\tokenizer.nativecodeanalysis.xml
c:\users\yong3\documents\yong\techy\tic2003\win_startupspasolution\a0227504l\code_a0227504l\spa\debug\database.nativecodeanalysis.sarif
c:\users\yong3\documents\yong\techy\tic2003\win_startupspasolution\a0227504l\code_a0227504l\spa\debug\database.nativecodeanalysis.xml
c:\users\yong3\documents\yong\techy\tic2003\win_startupspasolution\a0227504l\code_a0227504l\spa\debug\sourceprocessor.nativecodeanalysis.sarif
c:\users\yong3\documents\yong\techy\tic2003\win_startupspasolution\a0227504l\code_a0227504l\spa\debug\sourceprocessor.nativecodeanalysis.xml
c:\users\yong3\documents\yong\techy\tic2003\win_startupspasolution\a0227504l\code_a0227504l\spa\debug\queryprocessor.nativecodeanalysis.sarif
c:\users\yong3\documents\yong\techy\tic2003\win_startupspasolution\a0227504l\code_a0227504l\spa\debug\queryprocessor.nativecodeanalysis.xml
c:\users\yong3\documents\yong\techy\tic2003\win_startupspasolution\a0227504l\code_a0227504l\spa\debug\queryprocessor.obj
c:\users\yong3\documents\yong\techy\tic2003\win_startupspasolution\a0227504l\code_a0227504l\spa\debug\sourceprocessor.obj
c:\users\yong3\documents\yong\techy\tic2003\win_startupspasolution\a0227504l\code_a0227504l\spa\debug\database.obj
c:\users\yong3\documents\yong\techy\tic2003\win_startupspasolution\a0227504l\code_a0227504l\spa\debug\tokenizer.obj
c:\users\yong3\documents\yong\techy\tic2003\win_startupspasolution\a0227504l\code_a0227504l\spa\debug\variableextractor.obj
c:\users\yong3\documents\yong\techy\tic2003\win_startupspasolution\a0227504l\code_a0227504l\spa\debug\sourcetokenizer.obj
c:\users\yong3\documents\yong\techy\tic2003\win_startupspasolution\a0227504l\code_a0227504l\spa\debug\procedureextractor.obj
c:\users\yong3\documents\yong\techy\tic2003\win_startupspasolution\a0227504l\code_a0227504l\spa\debug\grammarextractor.obj
c:\users\yong3\documents\yong\techy\tic2003\win_startupspasolution\a0227504l\code_a0227504l\spa\debug\assignmentextractor.obj
c:\users\yong3\documents\yong\techy\tic2003\win_startupspasolution\a0227504l\code_a0227504l\spa\debug\sqlite3.obj
c:\users\yong3\documents\yong\techy\tic2003\win_startupspasolution\a0227504l\code_a0227504l\spa\debug\printextractor.obj
c:\users\yong3\documents\yong\techy\tic2003\win_startupspasolution\a0227504l\code_a0227504l\spa\debug\statementextractor.obj
c:\users\yong3\documents\yong\techy\tic2003\win_startupspasolution\a0227504l\code_a0227504l\spa\debug\readextractor.obj
c:\users\yong3\documents\yong\techy\tic2003\win_startupspasolution\a0227504l\code_a0227504l\spa\debug\constantextractor.obj
c:\users\yong3\documents\yong\techy\tic2003\win_startupspasolution\a0227504l\code_a0227504l\debug\spa.lib
c:\users\user\desktop\nus\tic2003\a0211346r\code_a0211346r\spa\debug\assignmentextractor.obj
c:\users\user\desktop\nus\tic2003\a0211346r\code_a0211346r\spa\debug\constantextractor.obj
c:\users\user\desktop\nus\tic2003\a0211346r\code_a0211346r\spa\debug\database.obj
c:\users\user\desktop\nus\tic2003\a0211346r\code_a0211346r\spa\debug\grammarextractor.obj
c:\users\user\desktop\nus\tic2003\a0211346r\code_a0211346r\spa\debug\printextractor.obj
c:\users\user\desktop\nus\tic2003\a0211346r\code_a0211346r\spa\debug\procedureextractor.obj
c:\users\user\desktop\nus\tic2003\a0211346r\code_a0211346r\spa\debug\queryprocessor.obj
c:\users\user\desktop\nus\tic2003\a0211346r\code_a0211346r\spa\debug\readextractor.obj
c:\users\user\desktop\nus\tic2003\a0211346r\code_a0211346r\spa\debug\sourceprocessor.obj
c:\users\user\desktop\nus\tic2003\a0211346r\code_a0211346r\spa\debug\sourcetokenizer.obj
c:\users\user\desktop\nus\tic2003\a0211346r\code_a0211346r\spa\debug\sqlite3.obj
c:\users\user\desktop\nus\tic2003\a0211346r\code_a0211346r\spa\debug\statementextractor.obj
c:\users\user\desktop\nus\tic2003\a0211346r\code_a0211346r\spa\debug\tokenizer.obj
c:\users\user\desktop\nus\tic2003\a0211346r\code_a0211346r\spa\debug\variableextractor.obj
c:\users\user\desktop\nus\tic2003\a0211346r\code_a0211346r\spa\debug\database.nativecodeanalysis.xml
c:\users\user\desktop\nus\tic2003\a0211346r\code_a0211346r\spa\debug\queryprocessor.nativecodeanalysis.xml
c:\users\user\desktop\nus\tic2003\a0211346r\code_a0211346r\spa\debug\sourceprocessor.nativecodeanalysis.xml
c:\users\user\desktop\nus\tic2003\a0211346r\code_a0211346r\spa\debug\sqlite3.nativecodeanalysis.xml
c:\users\user\desktop\nus\tic2003\a0211346r\code_a0211346r\spa\debug\tokenizer.nativecodeanalysis.xml
c:\users\user\desktop\nus\tic2003\a0211346r\code_a0211346r\spa\debug\vc.nativecodeanalysis.all.xml
c:\users\user\desktop\nus\tic2003\a0211346r\code_a0211346r\debug\spa.pdb
c:\users\user\desktop\nus\tic2003\a0211346r\code_a0211346r\debug\spa.lib
c:\users\user\desktop\nus\tic2003\a0211346r\code_a0211346r\spa\debug\spa.tlog\cl.command.1.tlog
c:\users\user\desktop\nus\tic2003\a0211346r\code_a0211346r\spa\debug\spa.tlog\cl.read.1.tlog
c:\users\user\desktop\nus\tic2003\a0211346r\code_a0211346r\spa\debug\spa.tlog\cl.write.1.tlog
c:\users\user\desktop\nus\tic2003\a0211346r\code_a0211346r\spa\debug\spa.tlog\lib-link.read.1.tlog
c:\users\user\desktop\nus\tic2003\a0211346r\code_a0211346r\spa\debug\spa.tlog\lib-link.write.1.tlog
c:\users\user\desktop\nus\tic2003\a0211346r\code_a0211346r\spa\debug\spa.tlog\lib.command.1.tlog
